2020-12-29 02:57:12,547 INFO o.a.j.u.JMeterUtils: Setting Locale to en_EN
2020-12-29 02:57:12,571 INFO o.a.j.JMeter: Loading user properties from: /usr/local/Cellar/jmeter/5.4/libexec/bin/user.properties
2020-12-29 02:57:12,572 INFO o.a.j.JMeter: Loading system properties from: /usr/local/Cellar/jmeter/5.4/libexec/bin/system.properties
2020-12-29 02:57:12,580 INFO o.a.j.JMeter: Copyright (c) 1998-2020 The Apache Software Foundation
2020-12-29 02:57:12,580 INFO o.a.j.JMeter: Version 5.4
2020-12-29 02:57:12,580 INFO o.a.j.JMeter: java.version=15.0.1
2020-12-29 02:57:12,581 INFO o.a.j.JMeter: java.vm.name=OpenJDK 64-Bit Server VM
2020-12-29 02:57:12,581 INFO o.a.j.JMeter: os.name=Mac OS X
2020-12-29 02:57:12,581 INFO o.a.j.JMeter: os.arch=x86_64
2020-12-29 02:57:12,581 INFO o.a.j.JMeter: os.version=11.1
2020-12-29 02:57:12,581 INFO o.a.j.JMeter: file.encoding=UTF-8
2020-12-29 02:57:12,581 INFO o.a.j.JMeter: java.awt.headless=true
2020-12-29 02:57:12,581 INFO o.a.j.JMeter: Max memory     =1073741824
2020-12-29 02:57:12,581 INFO o.a.j.JMeter: Available Processors =4
2020-12-29 02:57:12,589 INFO o.a.j.JMeter: Default Locale=English (EN)
2020-12-29 02:57:12,590 INFO o.a.j.JMeter: JMeter  Locale=English (EN)
2020-12-29 02:57:12,590 INFO o.a.j.JMeter: JMeterHome=/usr/local/Cellar/jmeter/5.4/libexec
2020-12-29 02:57:12,590 INFO o.a.j.JMeter: user.dir  =/Users/miguecc99/Desktop
2020-12-29 02:57:12,590 INFO o.a.j.JMeter: PWD       =/Users/miguecc99/Desktop
2020-12-29 02:57:12,668 INFO o.a.j.JMeter: IP: 192.168.1.63 Name: Miguels-MBP.home FullName: miguels-mbp.home
2020-12-29 02:57:12,677 INFO o.a.j.s.FileServer: Default base='/Users/miguecc99/Desktop'
2020-12-29 02:57:12,678 INFO o.a.j.s.FileServer: Set new base='/Users/miguecc99/Desktop'
2020-12-29 02:57:12,832 INFO o.a.j.s.SaveService: Testplan (JMX) version: 2.2. Testlog (JTL) version: 2.2
2020-12-29 02:57:12,856 INFO o.a.j.s.SaveService: Using SaveService properties version 5.0
2020-12-29 02:57:12,859 INFO o.a.j.s.SaveService: Using SaveService properties file encoding UTF-8
2020-12-29 02:57:12,862 INFO o.a.j.s.SaveService: Loading file: ETSIIAlumnosAPI.jmx
2020-12-29 02:57:12,906 INFO o.a.j.p.h.s.HTTPSamplerBase: Parser for text/html is org.apache.jmeter.protocol.http.parser.LagartoBasedHtmlParser
2020-12-29 02:57:12,906 INFO o.a.j.p.h.s.HTTPSamplerBase: Parser for application/xhtml+xml is org.apache.jmeter.protocol.http.parser.LagartoBasedHtmlParser
2020-12-29 02:57:12,906 INFO o.a.j.p.h.s.HTTPSamplerBase: Parser for application/xml is org.apache.jmeter.protocol.http.parser.LagartoBasedHtmlParser
2020-12-29 02:57:12,906 INFO o.a.j.p.h.s.HTTPSamplerBase: Parser for text/xml is org.apache.jmeter.protocol.http.parser.LagartoBasedHtmlParser
2020-12-29 02:57:12,906 INFO o.a.j.p.h.s.HTTPSamplerBase: Parser for text/vnd.wap.wml is org.apache.jmeter.protocol.http.parser.RegexpHTMLParser
2020-12-29 02:57:12,906 INFO o.a.j.p.h.s.HTTPSamplerBase: Parser for text/css is org.apache.jmeter.protocol.http.parser.CssParser
2020-12-29 02:57:12,926 INFO o.a.j.p.h.s.HTTPJavaImpl: Maximum connection retries = 0
2020-12-29 02:57:12,961 INFO o.a.j.JMeter: Creating summariser <summary>
2020-12-29 02:57:12,965 INFO o.a.j.e.StandardJMeterEngine: Running the test!
2020-12-29 02:57:12,966 INFO o.a.j.s.SampleEvent: List of sample_variables: []
2020-12-29 02:57:12,966 INFO o.a.j.s.SampleEvent: List of sample_variables: []
2020-12-29 02:57:12,969 INFO o.a.j.e.u.CompoundVariable: Note: Function class names must contain the string: '.functions.'
2020-12-29 02:57:12,970 INFO o.a.j.e.u.CompoundVariable: Note: Function class names must not contain the string: '.gui.'
2020-12-29 02:57:13,371 INFO o.a.j.JMeter: Running test (1609207033371)
2020-12-29 02:57:13,387 INFO o.a.j.e.StandardJMeterEngine: Starting ThreadGroup: 1 : Alumnos
2020-12-29 02:57:13,388 INFO o.a.j.e.StandardJMeterEngine: Starting 4 threads for group Alumnos.
2020-12-29 02:57:13,388 INFO o.a.j.e.StandardJMeterEngine: Thread will continue on error
2020-12-29 02:57:13,388 INFO o.a.j.t.ThreadGroup: Starting thread group... number=1 threads=4 ramp-up=1 delayedStart=false
2020-12-29 02:57:13,396 INFO o.a.j.t.ThreadGroup: Started thread group number 1
2020-12-29 02:57:13,396 INFO o.a.j.e.StandardJMeterEngine: Starting ThreadGroup: 2 : Administradores
2020-12-29 02:57:13,396 INFO o.a.j.e.StandardJMeterEngine: Starting 4 threads for group Administradores.
2020-12-29 02:57:13,396 INFO o.a.j.e.StandardJMeterEngine: Thread will continue on error
2020-12-29 02:57:13,396 INFO o.a.j.t.ThreadGroup: Starting thread group... number=2 threads=4 ramp-up=1 delayedStart=false
2020-12-29 02:57:13,397 INFO o.a.j.t.JMeterThread: Thread started: Alumnos 1-1
2020-12-29 02:57:13,399 INFO o.a.j.s.FileServer: Stored: /Users/miguecc99/Documents/Universidad/ISE/iseP4JMeter-master/jMeter/alumnos.csv
2020-12-29 02:57:13,399 INFO o.a.j.t.JMeterThread: Thread started: Administradores 2-1
2020-12-29 02:57:13,401 INFO o.a.j.t.ThreadGroup: Started thread group number 2
2020-12-29 02:57:13,401 INFO o.a.j.e.StandardJMeterEngine: All thread groups have been started
2020-12-29 02:57:13,408 INFO o.a.j.s.FileServer: Stored: /Users/miguecc99/Documents/Universidad/ISE/iseP4JMeter-master/jMeter/administradores.csv
2020-12-29 02:57:13,418 INFO o.a.j.p.h.s.HTTPHCAbstractImpl: Local host = Miguels-MBP.home
2020-12-29 02:57:13,425 INFO o.a.j.p.h.s.HTTPHC4Impl: HTTP request retry count = 0
2020-12-29 02:57:13,425 INFO o.a.j.s.SampleResult: Note: Sample TimeStamps are START times
2020-12-29 02:57:13,426 INFO o.a.j.s.SampleResult: sampleresult.default.encoding is set to ISO-8859-1
2020-12-29 02:57:13,426 INFO o.a.j.s.SampleResult: sampleresult.useNanoTime=true
2020-12-29 02:57:13,426 INFO o.a.j.s.SampleResult: sampleresult.nanoThreadSleep=5000
2020-12-29 02:57:13,650 INFO o.a.j.t.JMeterThread: Thread started: Administradores 2-2
2020-12-29 02:57:13,650 INFO o.a.j.t.JMeterThread: Thread started: Alumnos 1-2
2020-12-29 02:57:13,894 INFO o.a.j.t.JMeterThread: Thread started: Alumnos 1-3
2020-12-29 02:57:13,898 INFO o.a.j.t.JMeterThread: Thread started: Administradores 2-3
2020-12-29 02:57:14,147 INFO o.a.j.t.JMeterThread: Thread started: Alumnos 1-4
2020-12-29 02:57:14,153 INFO o.a.j.t.JMeterThread: Thread started: Administradores 2-4
2020-12-29 02:57:27,096 INFO o.a.j.r.ResultCollector: Shutdown hook started
2020-12-29 02:57:27,097 INFO o.a.j.r.ResultCollector: Shutdown hook ended
